<?xml version="1.0" encoding="UTF-8"?>
<testng-results skipped="0" failed="0" total="1" passed="1">
  <reporter-output>
  </reporter-output>
  <suite name="Default suite" duration-ms="15332" started-at="2018-12-13T16:25:25Z" finished-at="2018-12-13T16:25:40Z">
    <groups>
    </groups>
    <test name="Default test" duration-ms="15332" started-at="2018-12-13T16:25:25Z" finished-at="2018-12-13T16:25:40Z">
      <class name="ConditionsElements.DatefromDatePicker">
        <test-method status="PASS" signature="dateTimePicker()[pri:0, instance:ConditionsElements.DatefromDatePicker@198378d]" name="dateTimePicker" duration-ms="15319" started-at="2018-12-13T21:55:25Z" finished-at="2018-12-13T21:55:40Z">
          <reporter-output>
          </reporter-output>
        </test-method> <!-- dateTimePicker -->
      </class> <!-- ConditionsElements.DatefromDatePicker -->
    </test> <!-- Default test -->
  </suite> <!-- Default suite -->
</testng-results>
